# JRE version: Java(TM) SE Runtime Environment (8.0_101-b13) (build 1.8.0_101-b13)
# Java VM: Java HotSpot(TM) 64-Bit Server VM (25.101-b13 mixed mode windows-amd64 compressed oops)
Heap:
 PSYoungGen      total 320000K, used 294856K [0x00000000eab00000, 0x0000000100000000, 0x0000000100000000)
  eden space 300032K, 91% used [0x00000000eab00000,0x00000000fb7ac988,0x00000000fd000000)
  from space 19968K, 98% used [0x00000000fd000000,0x00000000fe3459a0,0x00000000fe380000)
  to   space 26624K, 0% used [0x00000000fe600000,0x00000000fe600000,0x0000000100000000)
 ParOldGen       total 91136K, used 43745K [0x00000000c0000000, 0x00000000c5900000, 0x00000000eab00000)
  object space 91136K, 48% used [0x00000000c0000000,0x00000000c2ab86e0,0x00000000c5900000)
 Metaspace       used 69582K, capacity 73018K, committed 73472K, reserved 1114112K
  class space    used 8921K, capacity 9542K, committed 9728K, reserved 1048576K
GC Heap History (10 events):
Event: 2380.271 GC heap before
{Heap before GC invocations=33 (full 8):
 PSYoungGen      total 321024K, used 87403K [0x00000000eab00000, 0x0000000100000000, 0x0000000100000000)
  eden space 299008K, 23% used [0x00000000eab00000,0x00000000eefa17e8,0x00000000fcf00000)
  from space 22016K, 77% used [0x00000000fea80000,0x00000000ffb39680,0x0000000100000000)
  to   space 25088K, 0% used [0x00000000fcf00000,0x00000000fcf00000,0x00000000fe780000)
 ParOldGen       total 91136K, used 41188K [0x00000000c0000000, 0x00000000c5900000, 0x00000000eab00000)
  object space 91136K, 45% used [0x00000000c0000000,0x00000000c2839258,0x00000000c5900000)
 Metaspace       used 68884K, capacity 72042K, committed 72960K, reserved 1112064K
  class space    used 8858K, capacity 9446K, committed 9728K, reserved 1048576K
Event: 2380.292 GC heap after
Heap after GC invocations=33 (full 8):
 PSYoungGen      total 324096K, used 9635K [0x00000000eab00000, 0x0000000100000000, 0x0000000100000000)
  eden space 299008K, 0% used [0x00000000eab00000,0x00000000eab00000,0x00000000fcf00000)
  from space 25088K, 38% used [0x00000000fcf00000,0x00000000fd868e00,0x00000000fe780000)
  to   space 24064K, 0% used [0x00000000fe880000,0x00000000fe880000,0x0000000100000000)
 ParOldGen       total 91136K, used 41196K [0x00000000c0000000, 0x00000000c5900000, 0x00000000eab00000)
  object space 91136K, 45% used [0x00000000c0000000,0x00000000c283b258,0x00000000c5900000)
 Metaspace       used 68884K, capacity 72042K, committed 72960K, reserved 1112064K
  class space    used 8858K, capacity 9446K, committed 9728K, reserved 1048576K
}
Event: 2380.292 GC heap before
{Heap before GC invocations=34 (full 9):
 PSYoungGen      total 324096K, used 9635K [0x00000000eab00000, 0x0000000100000000, 0x0000000100000000)
  eden space 299008K, 0% used [0x00000000eab00000,0x00000000eab00000,0x00000000fcf00000)
  from space 25088K, 38% used [0x00000000fcf00000,0x00000000fd868e00,0x00000000fe780000)
  to   space 24064K, 0% used [0x00000000fe880000,0x00000000fe880000,0x0000000100000000)
 ParOldGen       total 91136K, used 41196K [0x00000000c0000000, 0x00000000c5900000, 0x00000000eab00000)
  object space 91136K, 45% used [0x00000000c0000000,0x00000000c283b258,0x00000000c5900000)
 Metaspace       used 68884K, capacity 72042K, committed 72960K, reserved 1112064K
  class space    used 8858K, capacity 9446K, committed 9728K, reserved 1048576K
Event: 2380.654 GC heap after
Heap after GC invocations=34 (full 9):
 PSYoungGen      total 324096K, used 0K [0x00000000eab00000, 0x0000000100000000, 0x0000000100000000)
  eden space 299008K, 0% used [0x00000000eab00000,0x00000000eab00000,0x00000000fcf00000)
  from space 25088K, 0% used [0x00000000fcf00000,0x00000000fcf00000,0x00000000fe780000)
  to   space 24064K, 0% used [0x00000000fe880000,0x00000000fe880000,0x0000000100000000)
 ParOldGen       total 91136K, used 43733K [0x00000000c0000000, 0x00000000c5900000, 0x00000000eab00000)
  object space 91136K, 47% used [0x00000000c0000000,0x00000000c2ab57d8,0x00000000c5900000)
 Metaspace       used 68873K, capacity 72028K, committed 72960K, reserved 1112064K
  class space    used 8856K, capacity 9444K, committed 9728K, reserved 1048576K
}
Event: 2528.112 GC heap before
{Heap before GC invocations=35 (full 9):
 PSYoungGen      total 324096K, used 91444K [0x00000000eab00000, 0x0000000100000000, 0x0000000100000000)
  eden space 299008K, 30% used [0x00000000eab00000,0x00000000f044d3d8,0x00000000fcf00000)
  from space 25088K, 0% used [0x00000000fcf00000,0x00000000fcf00000,0x00000000fe780000)
  to   space 24064K, 0% used [0x00000000fe880000,0x00000000fe880000,0x0000000100000000)
 ParOldGen       total 91136K, used 43733K [0x00000000c0000000, 0x00000000c5900000, 0x00000000eab00000)
  object space 91136K, 47% used [0x00000000c0000000,0x00000000c2ab57d8,0x00000000c5900000)
 Metaspace       used 69002K, capacity 72170K, committed 72960K, reserved 1112064K
  class space    used 8869K, capacity 9461K, committed 9728K, reserved 1048576K
Event: 2528.118 GC heap after
Heap after GC invocations=35 (full 9):
 PSYoungGen      total 324096K, used 1040K [0x00000000eab00000, 0x0000000100000000, 0x0000000100000000)
  eden space 300032K, 0% used [0x00000000eab00000,0x00000000eab00000,0x00000000fd000000)
  from space 24064K, 4% used [0x00000000fe880000,0x00000000fe984010,0x0000000100000000)
  to   space 24576K, 0% used [0x00000000fd000000,0x00000000fd000000,0x00000000fe800000)
 ParOldGen       total 91136K, used 43741K [0x00000000c0000000, 0x00000000c5900000, 0x00000000eab00000)
  object space 91136K, 47% used [0x00000000c0000000,0x00000000c2ab77d8,0x00000000c5900000)
 Metaspace       used 69002K, capacity 72170K, committed 72960K, reserved 1112064K
  class space    used 8869K, capacity 9461K, committed 9728K, reserved 1048576K
}
Event: 2528.118 GC heap before
{Heap before GC invocations=36 (full 10):
 PSYoungGen      total 324096K, used 1040K [0x00000000eab00000, 0x0000000100000000, 0x0000000100000000)
  eden space 300032K, 0% used [0x00000000eab00000,0x00000000eab00000,0x00000000fd000000)
  from space 24064K, 4% used [0x00000000fe880000,0x00000000fe984010,0x0000000100000000)
  to   space 24576K, 0% used [0x00000000fd000000,0x00000000fd000000,0x00000000fe800000)
 ParOldGen       total 91136K, used 43741K [0x00000000c0000000, 0x00000000c5900000, 0x00000000eab00000)
  object space 91136K, 47% used [0x00000000c0000000,0x00000000c2ab77d8,0x00000000c5900000)
 Metaspace       used 69002K, capacity 72170K, committed 72960K, reserved 1112064K
  class space    used 8869K, capacity 9461K, committed 9728K, reserved 1048576K
Event: 2528.415 GC heap after
Heap after GC invocations=36 (full 10):
 PSYoungGen      total 324096K, used 0K [0x00000000eab00000, 0x0000000100000000, 0x0000000100000000)
  eden space 300032K, 0% used [0x00000000eab00000,0x00000000eab00000,0x00000000fd000000)
  from space 24064K, 0% used [0x00000000fe880000,0x00000000fe880000,0x0000000100000000)
  to   space 24576K, 0% used [0x00000000fd000000,0x00000000fd000000,0x00000000fe800000)
 ParOldGen       total 91136K, used 43737K [0x00000000c0000000, 0x00000000c5900000, 0x00000000eab00000)
  object space 91136K, 47% used [0x00000000c0000000,0x00000000c2ab66e0,0x00000000c5900000)
 Metaspace       used 69002K, capacity 72170K, committed 72960K, reserved 1112064K
  class space    used 8869K, capacity 9461K, committed 9728K, reserved 1048576K
}
Event: 7837.619 GC heap before
{Heap before GC invocations=37 (full 10):
 PSYoungGen      total 324096K, used 300032K [0x00000000eab00000, 0x0000000100000000, 0x0000000100000000)
  eden space 300032K, 100% used [0x00000000eab00000,0x00000000fd000000,0x00000000fd000000)
  from space 24064K, 0% used [0x00000000fe880000,0x00000000fe880000,0x0000000100000000)
  to   space 24576K, 0% used [0x00000000fd000000,0x00000000fd000000,0x00000000fe800000)
 ParOldGen       total 91136K, used 43737K [0x00000000c0000000, 0x00000000c5900000, 0x00000000eab00000)
  object space 91136K, 47% used [0x00000000c0000000,0x00000000c2ab66e0,0x00000000c5900000)
 Metaspace       used 69435K, capacity 72916K, committed 73472K, reserved 1114112K
  class space    used 8915K, capacity 9536K, committed 9728K, reserved 1048576K
Event: 7841.484 GC heap after
Heap after GC invocations=37 (full 10):
 PSYoungGen      total 320000K, used 19734K [0x00000000eab00000, 0x0000000100000000, 0x0000000100000000)
  eden space 300032K, 0% used [0x00000000eab00000,0x00000000eab00000,0x00000000fd000000)
  from space 19968K, 98% used [0x00000000fd000000,0x00000000fe3459a0,0x00000000fe380000)
  to   space 26624K, 0% used [0x00000000fe600000,0x00000000fe600000,0x0000000100000000)
 ParOldGen       total 91136K, used 43745K [0x00000000c0000000, 0x00000000c5900000, 0x00000000eab00000)
  object space 91136K, 48% used [0x00000000c0000000,0x00000000c2ab86e0,0x00000000c5900000)
 Metaspace       used 69435K, capacity 72916K, committed 73472K, reserved 1114112K
  class space    used 8915K, capacity 9536K, committed 9728K, reserved 1048576K
}

