# JRE version: Java(TM) SE Runtime Environment (8.0_101-b13) (build 1.8.0_101-b13)
# Java VM: Java HotSpot(TM) 64-Bit Server VM (25.101-b13 mixed mode windows-amd64 compressed oops)
Heap:
 PSYoungGen      total 316928K, used 275190K [0x00000000eab00000, 0x0000000100000000, 0x0000000100000000)
  eden space 293888K, 85% used [0x00000000eab00000,0x00000000fa144960,0x00000000fca00000)
  from space 23040K, 99% used [0x00000000fe980000,0x00000000ffff9098,0x0000000100000000)
  to   space 27648K, 0% used [0x00000000fca00000,0x00000000fca00000,0x00000000fe500000)
 ParOldGen       total 211968K, used 74053K [0x00000000c0000000, 0x00000000ccf00000, 0x00000000eab00000)
  object space 211968K, 34% used [0x00000000c0000000,0x00000000c4851600,0x00000000ccf00000)
 Metaspace       used 86800K, capacity 94548K, committed 97280K, reserved 1134592K
  class space    used 11043K, capacity 11746K, committed 13056K, reserved 1048576K
GC Heap History (10 events):
Event: 29491.351 GC heap before
{Heap before GC invocations=266 (full 53):
 PSYoungGen      total 321024K, used 105865K [0x00000000eab00000, 0x00000000ffe80000, 0x0000000100000000)
  eden space 296448K, 32% used [0x00000000eab00000,0x00000000f0876738,0x00000000fcc80000)
  from space 24576K, 41% used [0x00000000fe680000,0x00000000ff06bea0,0x00000000ffe80000)
  to   space 25600K, 0% used [0x00000000fcc80000,0x00000000fcc80000,0x00000000fe580000)
 ParOldGen       total 211968K, used 71045K [0x00000000c0000000, 0x00000000ccf00000, 0x00000000eab00000)
  object space 211968K, 33% used [0x00000000c0000000,0x00000000c45614e0,0x00000000ccf00000)
 Metaspace       used 84977K, capacity 91236K, committed 96000K, reserved 1132544K
  class space    used 10658K, capacity 11125K, committed 12800K, reserved 1048576K
Event: 29491.366 GC heap after
Heap after GC invocations=266 (full 53):
 PSYoungGen      total 322048K, used 6396K [0x00000000eab00000, 0x00000000ffe00000, 0x0000000100000000)
  eden space 296448K, 0% used [0x00000000eab00000,0x00000000eab00000,0x00000000fcc80000)
  from space 25600K, 24% used [0x00000000fcc80000,0x00000000fd2bf088,0x00000000fe580000)
  to   space 24064K, 0% used [0x00000000fe680000,0x00000000fe680000,0x00000000ffe00000)
 ParOldGen       total 211968K, used 71053K [0x00000000c0000000, 0x00000000ccf00000, 0x00000000eab00000)
  object space 211968K, 33% used [0x00000000c0000000,0x00000000c45634e0,0x00000000ccf00000)
 Metaspace       used 84977K, capacity 91236K, committed 96000K, reserved 1132544K
  class space    used 10658K, capacity 11125K, committed 12800K, reserved 1048576K
}
Event: 30037.042 GC heap before
{Heap before GC invocations=267 (full 53):
 PSYoungGen      total 322048K, used 206048K [0x00000000eab00000, 0x00000000ffe00000, 0x0000000100000000)
  eden space 296448K, 67% used [0x00000000eab00000,0x00000000f6df9058,0x00000000fcc80000)
  from space 25600K, 24% used [0x00000000fcc80000,0x00000000fd2bf088,0x00000000fe580000)
  to   space 24064K, 0% used [0x00000000fe680000,0x00000000fe680000,0x00000000ffe00000)
 ParOldGen       total 211968K, used 71053K [0x00000000c0000000, 0x00000000ccf00000, 0x00000000eab00000)
  object space 211968K, 33% used [0x00000000c0000000,0x00000000c45634e0,0x00000000ccf00000)
 Metaspace       used 85347K, capacity 91984K, committed 96256K, reserved 1132544K
  class space    used 10735K, capacity 11246K, committed 12800K, reserved 1048576K
Event: 30037.051 GC heap after
Heap after GC invocations=267 (full 53):
 PSYoungGen      total 320000K, used 6848K [0x00000000eab00000, 0x00000000ffb00000, 0x0000000100000000)
  eden space 299008K, 0% used [0x00000000eab00000,0x00000000eab00000,0x00000000fcf00000)
  from space 20992K, 32% used [0x00000000fe680000,0x00000000fed30020,0x00000000ffb00000)
  to   space 22528K, 0% used [0x00000000fcf00000,0x00000000fcf00000,0x00000000fe500000)
 ParOldGen       total 211968K, used 71061K [0x00000000c0000000, 0x00000000ccf00000, 0x00000000eab00000)
  object space 211968K, 33% used [0x00000000c0000000,0x00000000c45654e0,0x00000000ccf00000)
 Metaspace       used 85347K, capacity 91984K, committed 96256K, reserved 1132544K
  class space    used 10735K, capacity 11246K, committed 12800K, reserved 1048576K
}
Event: 30037.051 GC heap before
{Heap before GC invocations=268 (full 54):
 PSYoungGen      total 320000K, used 6848K [0x00000000eab00000, 0x00000000ffb00000, 0x0000000100000000)
  eden space 299008K, 0% used [0x00000000eab00000,0x00000000eab00000,0x00000000fcf00000)
  from space 20992K, 32% used [0x00000000fe680000,0x00000000fed30020,0x00000000ffb00000)
  to   space 22528K, 0% used [0x00000000fcf00000,0x00000000fcf00000,0x00000000fe500000)
 ParOldGen       total 211968K, used 71061K [0x00000000c0000000, 0x00000000ccf00000, 0x00000000eab00000)
  object space 211968K, 33% used [0x00000000c0000000,0x00000000c45654e0,0x00000000ccf00000)
 Metaspace       used 85347K, capacity 91984K, committed 96256K, reserved 1132544K
  class space    used 10735K, capacity 11246K, committed 12800K, reserved 1048576K
Event: 30037.510 GC heap after
Heap after GC invocations=268 (full 54):
 PSYoungGen      total 320000K, used 0K [0x00000000eab00000, 0x00000000ffb00000, 0x0000000100000000)
  eden space 299008K, 0% used [0x00000000eab00000,0x00000000eab00000,0x00000000fcf00000)
  from space 20992K, 0% used [0x00000000fe680000,0x00000000fe680000,0x00000000ffb00000)
  to   space 22528K, 0% used [0x00000000fcf00000,0x00000000fcf00000,0x00000000fe500000)
 ParOldGen       total 211968K, used 71996K [0x00000000c0000000, 0x00000000ccf00000, 0x00000000eab00000)
  object space 211968K, 33% used [0x00000000c0000000,0x00000000c464f3f8,0x00000000ccf00000)
 Metaspace       used 85241K, capacity 91736K, committed 96256K, reserved 1132544K
  class space    used 10709K, capacity 11216K, committed 12800K, reserved 1048576K
}
Event: 30057.906 GC heap before
{Heap before GC invocations=269 (full 54):
 PSYoungGen      total 320000K, used 299008K [0x00000000eab00000, 0x00000000ffb00000, 0x0000000100000000)
  eden space 299008K, 100% used [0x00000000eab00000,0x00000000fcf00000,0x00000000fcf00000)
  from space 20992K, 0% used [0x00000000fe680000,0x00000000fe680000,0x00000000ffb00000)
  to   space 22528K, 0% used [0x00000000fcf00000,0x00000000fcf00000,0x00000000fe500000)
 ParOldGen       total 211968K, used 71996K [0x00000000c0000000, 0x00000000ccf00000, 0x00000000eab00000)
  object space 211968K, 33% used [0x00000000c0000000,0x00000000c464f3f8,0x00000000ccf00000)
 Metaspace       used 86458K, capacity 93726K, committed 96896K, reserved 1132544K
  class space    used 10968K, capacity 11636K, committed 12928K, reserved 1048576K
Event: 30057.943 GC heap after
Heap after GC invocations=269 (full 54):
 PSYoungGen      total 321536K, used 12724K [0x00000000eab00000, 0x0000000100000000, 0x0000000100000000)
  eden space 299008K, 0% used [0x00000000eab00000,0x00000000eab00000,0x00000000fcf00000)
  from space 22528K, 56% used [0x00000000fcf00000,0x00000000fdb6d1c8,0x00000000fe500000)
  to   space 23040K, 0% used [0x00000000fe980000,0x00000000fe980000,0x0000000100000000)
 ParOldGen       total 211968K, used 72004K [0x00000000c0000000, 0x00000000ccf00000, 0x00000000eab00000)
  object space 211968K, 33% used [0x00000000c0000000,0x00000000c46513f8,0x00000000ccf00000)
 Metaspace       used 86458K, capacity 93726K, committed 96896K, reserved 1132544K
  class space    used 10968K, capacity 11636K, committed 12928K, reserved 1048576K
}
Event: 30115.790 GC heap before
{Heap before GC invocations=270 (full 54):
 PSYoungGen      total 321536K, used 311732K [0x00000000eab00000, 0x0000000100000000, 0x0000000100000000)
  eden space 299008K, 100% used [0x00000000eab00000,0x00000000fcf00000,0x00000000fcf00000)
  from space 22528K, 56% used [0x00000000fcf00000,0x00000000fdb6d1c8,0x00000000fe500000)
  to   space 23040K, 0% used [0x00000000fe980000,0x00000000fe980000,0x0000000100000000)
 ParOldGen       total 211968K, used 72004K [0x00000000c0000000, 0x00000000ccf00000, 0x00000000eab00000)
  object space 211968K, 33% used [0x00000000c0000000,0x00000000c46513f8,0x00000000ccf00000)
 Metaspace       used 86686K, capacity 94266K, committed 97152K, reserved 1134592K
  class space    used 11015K, capacity 11704K, committed 12928K, reserved 1048576K
Event: 30115.819 GC heap after
Heap after GC invocations=270 (full 54):
 PSYoungGen      total 316928K, used 23012K [0x00000000eab00000, 0x0000000100000000, 0x0000000100000000)
  eden space 293888K, 0% used [0x00000000eab00000,0x00000000eab00000,0x00000000fca00000)
  from space 23040K, 99% used [0x00000000fe980000,0x00000000ffff9098,0x0000000100000000)
  to   space 27648K, 0% used [0x00000000fca00000,0x00000000fca00000,0x00000000fe500000)
 ParOldGen       total 211968K, used 74053K [0x00000000c0000000, 0x00000000ccf00000, 0x00000000eab00000)
  object space 211968K, 34% used [0x00000000c0000000,0x00000000c4851600,0x00000000ccf00000)
 Metaspace       used 86686K, capacity 94266K, committed 97152K, reserved 1134592K
  class space    used 11015K, capacity 11704K, committed 12928K, reserved 1048576K
}

